C51 COMPILER V9.00   LED                                                                   05/10/2021 22:12:26 PAGE 1   


C51 COMPILER V9.00, COMPILATION OF MODULE LED
OBJECT MODULE PLACED IN LED.obj
COMPILER INVOKED BY: C:\RJ\Keil_v5\C51\BIN\C51.EXE led\LED.c OMF2 BROWSE INCDIR(.\uart;.\epaper;.\led;.\other_head;.\key
                    -board;.\smg) DEBUG PRINT(.\LED.lst) OBJECT(LED.obj)

line level    source

   1          #include<PinDefine.h>
   2          
   3          
   4          void delay(unsigned int n){
   5   1        int i;
   6   1              
   7   1              for(;n>0;--n){
   8   2                i=1000;
   9   2                      for(;i>0;--i);
  10   2              }
  11   1      }
  12          
  13          
  14          void ledFlicker(unsigned char ledN, unsigned char n, unsigned int time){
  15   1        if(ledN==0){
  16   2                for(;n>0;--n){
  17   3                        LED0=0;
  18   3                              delay(time);
  19   3                              LED0=1;
  20   3                              delay(time);
  21   3                      }
  22   2              }
  23   1              else if(ledN==1){
  24   2                for(;n>0;--n){
  25   3                        LED1=0;
  26   3                              delay(time);
  27   3                              LED1=1;
  28   3                              delay(time);
  29   3                      }
  30   2              }
  31   1              else{
  32   2                      while(1){
  33   3                        LED0=0;
  34   3                              LED1=0;
  35   3                              delay(time);
  36   3                              LED0=1;
  37   3                              LED1=1;
  38   3                              delay(time);
  39   3                      }
  40   2              }
  41   1      }


MODULE INFORMATION:   STATIC OVERLAYABLE
   CODE SIZE        =    100    ----
   CONSTANT SIZE    =   ----    ----
   XDATA SIZE       =   ----    ----
   PDATA SIZE       =   ----    ----
   DATA SIZE        =   ----       1
   IDATA SIZE       =   ----    ----
   BIT SIZE         =   ----    ----
   EDATA SIZE       =   ----    ----
   HDATA SIZE       =   ----    ----
   XDATA CONST SIZE =   ----    ----
C51 COMPILER V9.00   LED                                                                   05/10/2021 22:12:26 PAGE 2   

   FAR CONST SIZE   =   ----    ----
END OF MODULE INFORMATION.


C51 COMPILATION COMPLETE.  0 WARNING(S),  0 ERROR(S)
