C51 COMPILER V9.00   MAIN                                                                  05/11/2021 21:28:55 PAGE 1   


C51 COMPILER V9.00, COMPILATION OF MODULE MAIN
OBJECT MODULE PLACED IN main.OBJ
COMPILER INVOKED BY: C:\RJ\Keil_v5\C51\BIN\C51.EXE main.c LARGE OMF2 BROWSE INCDIR(.\uart;.\epaper;.\led;.\other_head;.\
                    -keyboard;.\smg;.\OLED;.\mycommon) DEBUG

line level    source

   1          #include <reg52.h>
   2          #include "LED.h"
   3          #include "smg.h"
   4          #include "ePaper.h"
   5          #include "PinDefine.h"
   6          #include "uart.h"
   7          #include "keyboard.h"
   8          #include <string.h>
   9          #include "mycommon.h"
  10          #include "oled.h"
  11          
  12          
  13          
  14          
  15          unsigned char send_buff[SENDBUFFMAXSIZE] = {0};
  16          
  17          
  18          int main(){
  19   1              
  20   1              
  21   1              int a = -588;
  22   1              float b = -3333561.134;
  23   1              float c = -123.2;
  24   1              
  25   1      
  26   1              
  27   1              ePaperInit();
  28   1              InitOled();
  29   1              OLED_Clear();
*** WARNING C206 IN LINE 29 OF MAIN.C: 'OLED_Clear': missing function-prototype
  30   1              
  31   1              OLED_Displaynum6_8(0, 2, 2021.2);
  32   1              
  33   1      //      epaperClean();
  34   1      //      epaperRefresh();
  35   1      //      delay(500);
  36   1      //      
  37   1      //      
  38   1      //      Displaynum6_8(0, 0, a);
  39   1      //      Displaynum6_8(0, 1, b);
  40   1      //      Displaychar6_8(0, 2, '{');
  41   1      //      Displaychar6_8(0, 3, '}');
  42   1      //      Displaychar6_8(0, 4, '|');
  43   1              
  44   1      
  45   1              
  46   1              LED0=1;
  47   1              LED0=1;
  48   1              
  49   1      //      epaperSleep();
  50   1              while(1);
  51   1        return 0;
  52   1      }
  53          
C51 COMPILER V9.00   MAIN                                                                  05/11/2021 21:28:55 PAGE 2   

  54          
  55          
  56          
  57          


MODULE INFORMATION:   STATIC OVERLAYABLE
   CODE SIZE        =     61    ----
   CONSTANT SIZE    =   ----    ----
   XDATA SIZE       =     50      10
   PDATA SIZE       =   ----    ----
   DATA SIZE        =   ----    ----
   IDATA SIZE       =   ----    ----
   BIT SIZE         =   ----    ----
   EDATA SIZE       =   ----    ----
   HDATA SIZE       =   ----    ----
   XDATA CONST SIZE =   ----    ----
   FAR CONST SIZE   =   ----    ----
END OF MODULE INFORMATION.


C51 COMPILATION COMPLETE.  1 WARNING(S),  0 ERROR(S)
