C51 COMPILER V9.00   SMG                                                                   05/13/2021 22:30:08 PAGE 1   


C51 COMPILER V9.00, COMPILATION OF MODULE SMG
OBJECT MODULE PLACED IN smg.obj
COMPILER INVOKED BY: C:\RJ\Keil_v5\C51\BIN\C51.EXE smg\smg.c LARGE OMF2 BROWSE INCDIR(.\uart;.\epaper;.\led;.\other_head
                    -;.\keyboard;.\smg;.\OLED;.\mycommon) DEBUG PRINT(.\smg.lst) OBJECT(smg.obj)

line level    source

   1          unsigned char code smg_num[10] = {0xC0, 0xF9, 0xA4, 0xB0, 0x99, 0x92, 0x82, 0xF8, 0x80, 0x90};


MODULE INFORMATION:   STATIC OVERLAYABLE
   CODE SIZE        =   ----    ----
   CONSTANT SIZE    =     10    ----
   XDATA SIZE       =   ----    ----
   PDATA SIZE       =   ----    ----
   DATA SIZE        =   ----    ----
   IDATA SIZE       =   ----    ----
   BIT SIZE         =   ----    ----
   EDATA SIZE       =   ----    ----
   HDATA SIZE       =   ----    ----
   XDATA CONST SIZE =   ----    ----
   FAR CONST SIZE   =   ----    ----
END OF MODULE INFORMATION.


C51 COMPILATION COMPLETE.  0 WARNING(S),  0 ERROR(S)
