C51 COMPILER V9.00   UART                                                                  07/27/2021 20:48:46 PAGE 1   


C51 COMPILER V9.00, COMPILATION OF MODULE UART
OBJECT MODULE PLACED IN uart.obj
COMPILER INVOKED BY: C:\RJ\Keil_v5\C51\BIN\C51.EXE uart\uart.c LARGE OMF2 BROWSE INCDIR(.\uart;.\epaper;.\led;.\other_he
                    -ad;.\keyboard;.\smg;.\OLED;.\mycommon;.\i2c;.\mpu6050;.\pac) DEBUG PRINT(.\uart.lst) OBJECT(uart.obj)

line level    source

   1          #include "uart.h"
   2          #include "PinDefine.h"
   3          #include "smg.h"
   4          
   5          unsigned char code send_buff[SENDBUFFMAXSIZE] = 0;
   6          unsigned char rbuff[30] = {0};
   7          unsigned char cout = 0;
   8          
   9          void UartInit()         //9600bps@11.0592MHz
  10          {
  11   1              TMOD = 0X20;  // 定时器1工作方式2
  12   1              TH1 = 0XFD;
  13   1              TL1 = 0XFD;
  14   1              TR1 = 1;
  15   1              SM0 = 0;
  16   1              SM1 = 1;
  17   1              REN = 1;
  18   1              EA = 1;
  19   1              ES = 1;
  20   1      }
  21          
  22          void flagSendOneTime(){
  23   1              SMG4 = ~SMG4;
  24   1              a = ~a;
  25   1      }
  26          
  27          void sendChar(unsigned char c){
  28   1              SBUF = c;
  29   1              while(!TI);
  30   1      //              if(c != 0)
  31   1      //                LED0 = 0;
  32   1      //              else
  33   1      //                      LED1 = 0;
  34   1      //      if(c != 0)
  35   1      //        LED0 = 1;
  36   1      //      else
  37   1      //              LED1 = 1;
  38   1              TI=0;
  39   1      }
  40          
  41          void irq_receive() interrupt 4{
  42   1              // 还没加
  43   1              rbuff[cout++] = SBUF;
  44   1              RI = 0;
  45   1      }


MODULE INFORMATION:   STATIC OVERLAYABLE
   CODE SIZE        =     84    ----
   CONSTANT SIZE    =     50    ----
   XDATA SIZE       =     31    ----
   PDATA SIZE       =   ----    ----
   DATA SIZE        =   ----    ----
   IDATA SIZE       =   ----    ----
C51 COMPILER V9.00   UART                                                                  07/27/2021 20:48:46 PAGE 2   

   BIT SIZE         =   ----    ----
   EDATA SIZE       =   ----    ----
   HDATA SIZE       =   ----    ----
   XDATA CONST SIZE =   ----    ----
   FAR CONST SIZE   =   ----    ----
END OF MODULE INFORMATION.


C51 COMPILATION COMPLETE.  0 WARNING(S),  0 ERROR(S)
